<?xml version="1.0" encoding="UTF-8"?>
<!-- Generated by org.testng.reporters.JUnitXMLReporter -->
<testsuite ignored="0" hostname="EPINPUNW014F" failures="0" tests="6" name="Default test" time="32.677" errors="0" timestamp="2021-11-10T19:39:59 IST">
  <testcase classname="com.java.logicfile.SeleniumClass" name="browserSetup" time="6.477"/>
  <testcase classname="com.java.logicfile.SeleniumClass" name="radiobutton" time="0.464"/>
  <testcase classname="com.java.logicfile.SeleniumClass" name="checkbox" time="0.425"/>
  <testcase classname="com.java.logicfile.SeleniumClass" name="alert" time="0.312"/>
  <testcase classname="com.java.logicfile.SeleniumClass" name="handleWindow" time="2.993"/>
  <testcase classname="com.java.logicfile.SeleniumClass" name="action" time="21.938"/>
</testsuite> <!-- Default test -->
