<?xml version="1.0" encoding="UTF-8"?>
<testng-results ignored="0" total="6" passed="6" failed="0" skipped="0">
  <reporter-output>
  </reporter-output>
  <suite started-at="2021-11-10T19:39:26 IST" name="Default suite" finished-at="2021-11-10T19:39:59 IST" duration-ms="32677">
    <groups>
    </groups>
    <test started-at="2021-11-10T19:39:26 IST" name="Default test" finished-at="2021-11-10T19:39:59 IST" duration-ms="32677">
      <class name="com.java.logicfile.SeleniumClass">
        <test-method signature="browserSetup()[pri:1, instance:com.java.logicfile.SeleniumClass@7690781]" started-at="2021-11-10T19:39:26 IST" name="browserSetup" finished-at="2021-11-10T19:39:33 IST" duration-ms="6477" status="PASS">
          <reporter-output>
          </reporter-output>
        </test-method> <!-- browserSetup -->
        <test-method signature="radiobutton()[pri:2, instance:com.java.logicfile.SeleniumClass@7690781]" started-at="2021-11-10T19:39:33 IST" name="radiobutton" finished-at="2021-11-10T19:39:33 IST" depends-on-methods="com.java.logicfile.SeleniumClass.browserSetup" duration-ms="464" status="PASS">
          <reporter-output>
          </reporter-output>
        </test-method> <!-- radiobutton -->
        <test-method signature="checkbox()[pri:3, instance:com.java.logicfile.SeleniumClass@7690781]" started-at="2021-11-10T19:39:33 IST" name="checkbox" finished-at="2021-11-10T19:39:34 IST" depends-on-methods="com.java.logicfile.SeleniumClass.browserSetup" duration-ms="425" status="PASS">
          <reporter-output>
          </reporter-output>
        </test-method> <!-- checkbox -->
        <test-method signature="alert()[pri:4, instance:com.java.logicfile.SeleniumClass@7690781]" started-at="2021-11-10T19:39:34 IST" name="alert" finished-at="2021-11-10T19:39:34 IST" depends-on-methods="com.java.logicfile.SeleniumClass.browserSetup" duration-ms="312" status="PASS">
          <reporter-output>
          </reporter-output>
        </test-method> <!-- alert -->
        <test-method signature="handleWindow()[pri:5, instance:com.java.logicfile.SeleniumClass@7690781]" started-at="2021-11-10T19:39:34 IST" name="handleWindow" finished-at="2021-11-10T19:39:37 IST" depends-on-methods="com.java.logicfile.SeleniumClass.browserSetup" duration-ms="2993" status="PASS">
          <reporter-output>
          </reporter-output>
        </test-method> <!-- handleWindow -->
        <test-method signature="action()[pri:6, instance:com.java.logicfile.SeleniumClass@7690781]" started-at="2021-11-10T19:39:37 IST" name="action" finished-at="2021-11-10T19:39:59 IST" depends-on-methods="com.java.logicfile.SeleniumClass.browserSetup" duration-ms="21938" status="PASS">
          <reporter-output>
          </reporter-output>
        </test-method> <!-- action -->
      </class> <!-- com.java.logicfile.SeleniumClass -->
    </test> <!-- Default test -->
  </suite> <!-- Default suite -->
</testng-results>
