<?xml version="1.0" encoding="UTF-8"?>
<testng-results ignored="0" total="1" passed="1" failed="0" skipped="0">
  <reporter-output>
  </reporter-output>
  <suite started-at="2021-11-16T12:48:18 IST" name="Default suite" finished-at="2021-11-16T12:48:23 IST" duration-ms="5909">
    <groups>
    </groups>
    <test started-at="2021-11-16T12:48:18 IST" name="Default test" finished-at="2021-11-16T12:48:23 IST" duration-ms="5909">
      <class name="com.epam.bdd.api.CookieBased">
        <test-method signature="TestCookie()[pri:0, instance:com.epam.bdd.api.CookieBased@22ef9844]" started-at="2021-11-16T12:48:18 IST" name="TestCookie" finished-at="2021-11-16T12:48:23 IST" duration-ms="5872" status="PASS">
          <reporter-output>
          </reporter-output>
        </test-method> <!-- TestCookie -->
      </class> <!-- com.epam.bdd.api.CookieBased -->
    </test> <!-- Default test -->
  </suite> <!-- Default suite -->
</testng-results>
